<?xml version="1.0" encoding="UTF-8"?>
<testsuite name="br.com.castudio.sistema_agendamento.SistemaAgendamntoCristianeAguiarStudioApplicationTests" tests="1" skipped="0" failures="0" errors="0" timestamp="2025-11-19T22:46:59.939Z" hostname="022LAB3T01" time="0.394">
  <properties/>
  <testcase name="contextLoads()" classname="br.com.castudio.sistema_agendamento.SistemaAgendamntoCristianeAguiarStudioApplicationTests" time="0.394"/>
  <system-out><![CDATA[19:46:51.071 [Test worker] INFO org.springframework.test.context.support.AnnotationConfigContextLoaderUtils -- Could not detect default configuration classes for test class [br.com.castudio.sistema_agendamento.SistemaAgendamntoCristianeAguiarStudioApplicationTests]: SistemaAgendamntoCristianeAguiarStudioApplicationTests does not declare any static, non-private, non-final, nested classes annotated with @Configuration.
19:46:51.482 [Test worker] INFO org.springframework.boot.test.context.SpringBootTestContextBootstrapper -- Found @SpringBootConfiguration br.com.castudio.sistema_agendamento.SistemaAgendamntoCristianeAguiarStudioApplication for test class br.com.castudio.sistema_agendamento.SistemaAgendamntoCristianeAguiarStudioApplicationTests

  .   ____          _            __ _ _
 /\\ / ___'_ __ _ _(_)_ __  __ _ \ \ \ \
( ( )\___ | '_ | '_| | '_ \/ _` | \ \ \ \
 \\/  ___)| |_)| | | | | || (_| |  ) ) ) )
  '  |____| .__|_| |_|_| |_\__, | / / / /
 =========|_|==============|___/=/_/_/_/

 :: Spring Boot ::                (v3.5.7)

2025-11-19T19:46:53.123-03:00  INFO 17176 --- [Sistema Agendamnto Cristiane Aguiar Studio] [    Test worker] ntoCristianeAguiarStudioApplicationTests : Starting SistemaAgendamntoCristianeAguiarStudioApplicationTests using Java 23.0.1 with PID 17176 (started by alunocmc in C:\Users\alunocmc\Desktop\Nova pasta\sistema-agendamento-ca-studio-backend)
2025-11-19T19:46:53.126-03:00  INFO 17176 --- [Sistema Agendamnto Cristiane Aguiar Studio] [    Test worker] ntoCristianeAguiarStudioApplicationTests : No active profile set, falling back to 1 default profile: "default"
2025-11-19T19:46:55.295-03:00  INFO 17176 --- [Sistema Agendamnto Cristiane Aguiar Studio] [    Test worker] .s.d.r.c.RepositoryConfigurationDelegate : Bootstrapping Spring Data JPA repositories in DEFAULT mode.
2025-11-19T19:46:55.487-03:00  INFO 17176 --- [Sistema Agendamnto Cristiane Aguiar Studio] [    Test worker] .s.d.r.c.RepositoryConfigurationDelegate : Finished Spring Data repository scanning in 202 ms. Found 2 JPA repository interfaces.
2025-11-19T19:46:56.953-03:00  INFO 17176 --- [Sistema Agendamnto Cristiane Aguiar Studio] [    Test worker] o.hibernate.jpa.internal.util.LogHelper  : HHH000204: Processing PersistenceUnitInfo [name: default]
2025-11-19T19:46:57.144-03:00  INFO 17176 --- [Sistema Agendamnto Cristiane Aguiar Studio] [    Test worker] org.hibernate.Version                    : HHH000412: Hibernate ORM core version 6.6.33.Final
2025-11-19T19:46:57.302-03:00  INFO 17176 --- [Sistema Agendamnto Cristiane Aguiar Studio] [    Test worker] o.h.c.internal.RegionFactoryInitiator    : HHH000026: Second-level cache disabled
2025-11-19T19:46:57.602-03:00  INFO 17176 --- [Sistema Agendamnto Cristiane Aguiar Studio] [    Test worker] o.s.o.j.p.SpringPersistenceUnitInfo      : No LoadTimeWeaver setup: ignoring JPA class transformer
2025-11-19T19:46:57.626-03:00  INFO 17176 --- [Sistema Agendamnto Cristiane Aguiar Studio] [    Test worker] com.zaxxer.hikari.HikariDataSource       : HikariPool-1 - Starting...
2025-11-19T19:46:57.802-03:00  INFO 17176 --- [Sistema Agendamnto Cristiane Aguiar Studio] [    Test worker] com.zaxxer.hikari.pool.HikariPool        : HikariPool-1 - Added connection conn0: url=jdbc:h2:file:./data/testdb user=SA
2025-11-19T19:46:57.804-03:00  INFO 17176 --- [Sistema Agendamnto Cristiane Aguiar Studio] [    Test worker] com.zaxxer.hikari.HikariDataSource       : HikariPool-1 - Start completed.
2025-11-19T19:46:57.824-03:00  WARN 17176 --- [Sistema Agendamnto Cristiane Aguiar Studio] [    Test worker] org.hibernate.orm.deprecation            : HHH90000025: H2Dialect does not need to be specified explicitly using 'hibernate.dialect' (remove the property setting and it will be selected by default)
2025-11-19T19:46:57.844-03:00  INFO 17176 --- [Sistema Agendamnto Cristiane Aguiar Studio] [    Test worker] org.hibernate.orm.connections.pooling    : HHH10001005: Database info:
	Database JDBC URL [Connecting through datasource 'HikariDataSource (HikariPool-1)']
	Database driver: undefined/unknown
	Database version: 2.3.232
	Autocommit mode: undefined/unknown
	Isolation level: undefined/unknown
	Minimum pool size: undefined/unknown
	Maximum pool size: undefined/unknown
2025-11-19T19:46:58.500-03:00  INFO 17176 --- [Sistema Agendamnto Cristiane Aguiar Studio] [    Test worker] o.h.e.t.j.p.i.JtaPlatformInitiator       : HHH000489: No JTA platform available (set 'hibernate.transaction.jta.platform' to enable JTA platform integration)
Hibernate: drop table if exists admin_key cascade 
Hibernate: drop table if exists users cascade 
Hibernate: create table admin_key (id tinyint not null, key_value varchar(255), primary key (id))
Hibernate: create table users (id uuid not null, email varchar(255), name varchar(255), password varchar(255), primary key (id))
2025-11-19T19:46:58.524-03:00  INFO 17176 --- [Sistema Agendamnto Cristiane Aguiar Studio] [    Test worker] j.LocalContainerEntityManagerFactoryBean : Initialized JPA EntityManagerFactory for persistence unit 'default'
2025-11-19T19:46:58.854-03:00  INFO 17176 --- [Sistema Agendamnto Cristiane Aguiar Studio] [    Test worker] r$InitializeUserDetailsManagerConfigurer : Global AuthenticationManager configured with UserDetailsService bean with name userDetailsServiceImpl
2025-11-19T19:46:58.983-03:00  WARN 17176 --- [Sistema Agendamnto Cristiane Aguiar Studio] [    Test worker] JpaBaseConfiguration$JpaWebConfiguration : spring.jpa.open-in-view is enabled by default. Therefore, database queries may be performed during view rendering. Explicitly configure spring.jpa.open-in-view to disable this warning
2025-11-19T19:46:59.454-03:00  INFO 17176 --- [Sistema Agendamnto Cristiane Aguiar Studio] [    Test worker] o.s.b.a.h2.H2ConsoleAutoConfiguration    : H2 console available at '/h2-console'. Database available at 'jdbc:h2:file:./data/testdb'
2025-11-19T19:46:59.522-03:00  INFO 17176 --- [Sistema Agendamnto Cristiane Aguiar Studio] [    Test worker] ntoCristianeAguiarStudioApplicationTests : Started SistemaAgendamntoCristianeAguiarStudioApplicationTests in 7.745 seconds (process running for 11.525)
Hibernate: select ak1_0.id,ak1_0.key_value from admin_key ak1_0 where ak1_0.id=?
Hibernate: insert into admin_key (key_value,id) values (?,?)
]]></system-out>
  <system-err><![CDATA[Mockito is currently self-attaching to enable the inline-mock-maker. This will no longer work in future releases of the JDK. Please add Mockito as an agent to your build as described in Mockito's documentation: https://javadoc.io/doc/org.mockito/mockito-core/latest/org.mockito/org/mockito/Mockito.html#0.3
WARNING: A Java agent has been loaded dynamically (C:\Users\alunocmc\.gradle\caches\modules-2\files-2.1\net.bytebuddy\byte-buddy-agent\1.17.8\f09415827a71be7ed621c7bd02550678f28bc81c\byte-buddy-agent-1.17.8.jar)
WARNING: If a serviceability tool is in use, please run with -XX:+EnableDynamicAgentLoading to hide this warning
WARNING: If a serviceability tool is not in use, please run with -Djdk.instrument.traceUsage for more information
WARNING: Dynamic loading of agents will be disallowed by default in a future release
]]></system-err>
</testsuite>
